<?xml version="1.0" encoding="UTF-8"?>
<testsuite name="VisitorTest" tests="2" skipped="0" failures="0" errors="0" timestamp="2020-03-19T10:58:59" hostname="admin1-ThinkCentre-M72e" time="0.738">
  <properties/>
  <testcase name="visitorloadTest" classname="VisitorTest" time="0.727"/>
  <testcase name="visitorsaveTest" classname="VisitorTest" time="0.011"/>
  <system-out><![CDATA[2020-03-19 12:59:00,403 | Visitor: File not Found :(
2020-03-19 12:59:00,423 | Visitor: Recruit's file successfully created!
]]></system-out>
  <system-err><![CDATA[]]></system-err>
</testsuite>
