<?xml version="1.0" encoding="UTF-8"?>
<testsuite name="VisitorTest" tests="1" skipped="0" failures="0" errors="0" timestamp="2020-07-08T10:28:52" hostname="admin1-ThinkCentre-M72e" time="0.691">
  <properties/>
  <testcase name="visitorsaveTest" classname="VisitorTest" time="0.691"/>
  <system-out><![CDATA[]]></system-out>
  <system-err><![CDATA[]]></system-err>
</testsuite>
